<?xml version="1.0" encoding="UTF-8"?>
<!-- Generated by org.testng.reporters.JUnitReportReporter -->
<testsuite hostname="LAPTOP-O680H5P2" name="com.hotspot.tests.HomePageTest" tests="1" failures="0" timestamp="3 Jul 2019 23:22:05 GMT" time="23.599" errors="0">
  <testcase name="getBrokenLinkTest" time="23.599" classname="com.hotspot.tests.HomePageTest"/>
</testsuite> <!-- com.hotspot.tests.HomePageTest -->
