<?xml version="1.0" encoding="UTF-8"?>
<!-- Generated by org.testng.reporters.JUnitReportReporter -->
<testsuite hostname="LAPTOP-O680H5P2" name="com.hotspot.tests.LoginPageTest" tests="1" failures="0" timestamp="3 Jul 2019 22:27:05 GMT" time="14.416" errors="0">
  <testcase name="getBrokenLinkTest" time="14.416" classname="com.hotspot.tests.LoginPageTest"/>
</testsuite> <!-- com.hotspot.tests.LoginPageTest -->
